{
        "Body": {
          "stkCallback": {
            "MerchantRequestID": "12345",
            "CheckoutRequestID": "abc123",
            "ResultCode": 0,
            "ResultDesc": "The service request is processed successfully.",
            "CallbackMetadata": {
              "Item": [
                {"Name": "Amount", "Value": 1},
                {"Name": "MpesaReceiptNumber", "Value": "ABC123XYZ"},
                {"Name": "TransactionDate", "Value": 20240429124530},
                {"Name": "PhoneNumber", "Value": 254701228521}
              ]
            }
          }
        }
      }

{"Body":{"stkCallback":{"MerchantRequestID":"75f4-4e91-aa3c-79e4611bbc58283132","CheckoutRequestID":"ws_CO_30042025092720798701228521","ResultCode":1032,"ResultDesc":"Request cancelled by user"}}}

{"Body":{"stkCallback":{"MerchantRequestID":"bebb-4211-b89c-968f03613eaa118031","CheckoutRequestID":"ws_CO_30042025102011085701228521","ResultCode":1032,"ResultDesc":"Request cancelled by user"}}}

{"Body":{"stkCallback":{"MerchantRequestID":"75f4-4e91-aa3c-79e4611bbc58285477","CheckoutRequestID":"ws_CO_30042025103020378701228521","ResultCode":1032,"ResultDesc":"Request cancelled by user"}}}

{"Body":{"stkCallback":{"MerchantRequestID":"bebb-4211-b89c-968f03613eaa121649","CheckoutRequestID":"ws_CO_30042025120650601701228521","ResultCode":1032,"ResultDesc":"Request cancelled by user"}}}

{"Body":{"stkCallback":{"MerchantRequestID":"801f-4ce5-97b8-f81bf214ea0413389","CheckoutRequestID":"ws_CO_30042025120923186701228521","ResultCode":1032,"ResultDesc":"Request cancelled by user"}}}

{"Body":{"stkCallback":{"MerchantRequestID":"75f4-4e91-aa3c-79e4611bbc58290036","CheckoutRequestID":"ws_CO_30042025124247934701228521","ResultCode":1032,"ResultDesc":"Request cancelled by user"}}}

{"Body":{"stkCallback":{"MerchantRequestID":"5772-45ff-adb5-823779ddd1bc29633","CheckoutRequestID":"ws_CO_30042025124928071701228521","ResultCode":1032,"ResultDesc":"Request cancelled by user"}}}

{"Body":{"stkCallback":{"MerchantRequestID":"74cc-45b4-9c87-cf63848fd86563058","CheckoutRequestID":"ws_CO_30042025130419859701228521","ResultCode":1032,"ResultDesc":"Request cancelled by user"}}}

{"Body":{"stkCallback":{"MerchantRequestID":"75f4-4e91-aa3c-79e4611bbc58291085","CheckoutRequestID":"ws_CO_30042025131332090708374149","ResultCode":1037,"ResultDesc":"DS timeout user cannot be reached"}}}

